Flow report for newfinal
Thu Dec 07 07:17:19 2017
Quartus II Version 9.1 Build 222 10/21/2009 SJ Web Edition


---------------------
; Table of Contents ;
---------------------
  1. Legal Notice
  2. Flow Summary
  3. Flow Settings
  4. Flow Non-Default Global Settings
  5. Flow Elapsed Time
  6. Flow OS Summary
  7. Flow Log



----------------
; Legal Notice ;
----------------
Copyright (C) 1991-2009 Altera Corporation
Your use of Altera Corporation's design tools, logic functions 
and other software and tools, and its AMPP partner logic 
functions, and any output files from any of the foregoing 
(including device programming or simulation files), and any 
associated documentation or information are expressly subject 
to the terms and conditions of the Altera Program License 
Subscription Agreement, Altera MegaCore Function License 
Agreement, or other applicable license agreement, including, 
without limitation, that your use is for the sole purpose of 
programming logic devices manufactured by Altera and sold by 
Altera or its authorized distributors.  Please refer to the 
applicable agreement for further details.



+-------------------------------------------------------------------+
; Flow Summary                                                      ;
+-------------------------+-----------------------------------------+
; Flow Status             ; Successful - Thu Dec 07 07:17:19 2017   ;
; Quartus II Version      ; 9.1 Build 222 10/21/2009 SJ Web Edition ;
; Revision Name           ; newfinal                                ;
; Top-level Entity Name   ; newfinal                                ;
; Family                  ; MAX II                                  ;
; Device                  ; EPM1270F256A5                           ;
; Timing Models           ; Final                                   ;
; Met timing requirements ; No                                      ;
; Total logic elements    ; 1,190 / 1,270 ( 94 % )                  ;
; Total pins              ; 28 / 212 ( 13 % )                       ;
; Total virtual pins      ; 0                                       ;
; UFM blocks              ; 0 / 1 ( 0 % )                           ;
+-------------------------+-----------------------------------------+


+-----------------------------------------+
; Flow Settings                           ;
+-------------------+---------------------+
; Option            ; Setting             ;
+-------------------+---------------------+
; Start date & time ; 12/07/2017 07:16:28 ;
; Main task         ; Compilation         ;
; Revision Name     ; newfinal            ;
+-------------------+---------------------+


+------------------------------------------------------------------------------------------------------------------------------------------+
; Flow Non-Default Global Settings                                                                                                         ;
+---------------------------------------+------------------------------------+------------------------------+-------------+----------------+
; Assignment Name                       ; Value                              ; Default Value                ; Entity Name ; Section Id     ;
+---------------------------------------+------------------------------------+------------------------------+-------------+----------------+
; COMPILER_SIGNATURE_ID                 ; 31118919509177.151265258807432     ; --                           ; --          ; --             ;
; FITTER_EFFORT                         ; Standard Fit                       ; Auto Fit                     ; --          ; --             ;
; INCREMENTAL_COMPILATION               ; Off                                ; FULL_INCREMENTAL_COMPILATION ; --          ; --             ;
; IP_TOOL_NAME                          ; LPM_DECODE                         ; --                           ; --          ; --             ;
; IP_TOOL_NAME                          ; LPM_FF                             ; --                           ; --          ; --             ;
; IP_TOOL_NAME                          ; LPM_LATCH                          ; --                           ; --          ; --             ;
; IP_TOOL_NAME                          ; LPM_MULT                           ; --                           ; --          ; --             ;
; IP_TOOL_NAME                          ; LPM_MUX                            ; --                           ; --          ; --             ;
; IP_TOOL_NAME                          ; LPM_ADD_SUB                        ; --                           ; --          ; --             ;
; IP_TOOL_NAME                          ; LPM_MULT                           ; --                           ; --          ; --             ;
; IP_TOOL_NAME                          ; LPM_MUX                            ; --                           ; --          ; --             ;
; IP_TOOL_NAME                          ; LPM_FF                             ; --                           ; --          ; --             ;
; IP_TOOL_NAME                          ; LPM_DECODE                         ; --                           ; --          ; --             ;
; IP_TOOL_NAME                          ; LPM_FF                             ; --                           ; --          ; --             ;
; IP_TOOL_NAME                          ; LPM_LATCH                          ; --                           ; --          ; --             ;
; IP_TOOL_NAME                          ; LPM_MUX                            ; --                           ; --          ; --             ;
; IP_TOOL_NAME                          ; LPM_FF                             ; --                           ; --          ; --             ;
; IP_TOOL_NAME                          ; LPM_FF                             ; --                           ; --          ; --             ;
; IP_TOOL_NAME                          ; LPM_FF                             ; --                           ; --          ; --             ;
; IP_TOOL_VERSION                       ; 9.1                                ; --                           ; --          ; --             ;
; IP_TOOL_VERSION                       ; 9.1                                ; --                           ; --          ; --             ;
; IP_TOOL_VERSION                       ; 9.1                                ; --                           ; --          ; --             ;
; IP_TOOL_VERSION                       ; 9.1                                ; --                           ; --          ; --             ;
; IP_TOOL_VERSION                       ; 9.1                                ; --                           ; --          ; --             ;
; IP_TOOL_VERSION                       ; 9.1                                ; --                           ; --          ; --             ;
; IP_TOOL_VERSION                       ; 9.1                                ; --                           ; --          ; --             ;
; IP_TOOL_VERSION                       ; 9.1                                ; --                           ; --          ; --             ;
; IP_TOOL_VERSION                       ; 9.1                                ; --                           ; --          ; --             ;
; IP_TOOL_VERSION                       ; 9.1                                ; --                           ; --          ; --             ;
; IP_TOOL_VERSION                       ; 9.1                                ; --                           ; --          ; --             ;
; IP_TOOL_VERSION                       ; 9.1                                ; --                           ; --          ; --             ;
; IP_TOOL_VERSION                       ; 9.1                                ; --                           ; --          ; --             ;
; IP_TOOL_VERSION                       ; 9.1                                ; --                           ; --          ; --             ;
; IP_TOOL_VERSION                       ; 9.1                                ; --                           ; --          ; --             ;
; IP_TOOL_VERSION                       ; 9.1                                ; --                           ; --          ; --             ;
; MAX_CORE_JUNCTION_TEMP                ; 125                                ; --                           ; --          ; --             ;
; MIN_CORE_JUNCTION_TEMP                ; -40                                ; --                           ; --          ; --             ;
; MISC_FILE                             ; lpm_decode0.tdf                    ; --                           ; --          ; --             ;
; MISC_FILE                             ; lpm_decode0.bsf                    ; --                           ; --          ; --             ;
; MISC_FILE                             ; lpm_decode0.inc                    ; --                           ; --          ; --             ;
; MISC_FILE                             ; lpm_dff0.tdf                       ; --                           ; --          ; --             ;
; MISC_FILE                             ; lpm_dff0.bsf                       ; --                           ; --          ; --             ;
; MISC_FILE                             ; lpm_dff0.inc                       ; --                           ; --          ; --             ;
; MISC_FILE                             ; lpm_latch0.tdf                     ; --                           ; --          ; --             ;
; MISC_FILE                             ; lpm_latch0.bsf                     ; --                           ; --          ; --             ;
; MISC_FILE                             ; lpm_latch0.inc                     ; --                           ; --          ; --             ;
; MISC_FILE                             ; lpm_mult0.tdf                      ; --                           ; --          ; --             ;
; MISC_FILE                             ; lpm_mult0.bsf                      ; --                           ; --          ; --             ;
; MISC_FILE                             ; lpm_mult0.inc                      ; --                           ; --          ; --             ;
; MISC_FILE                             ; lpm_mux0.tdf                       ; --                           ; --          ; --             ;
; MISC_FILE                             ; lpm_mux0.bsf                       ; --                           ; --          ; --             ;
; MISC_FILE                             ; lpm_mux0.inc                       ; --                           ; --          ; --             ;
; MISC_FILE                             ; lpm_add_sub0.tdf                   ; --                           ; --          ; --             ;
; MISC_FILE                             ; lpm_add_sub0.bsf                   ; --                           ; --          ; --             ;
; MISC_FILE                             ; lpm_add_sub0.inc                   ; --                           ; --          ; --             ;
; MISC_FILE                             ; lpm_mult1.tdf                      ; --                           ; --          ; --             ;
; MISC_FILE                             ; lpm_mult1.bsf                      ; --                           ; --          ; --             ;
; MISC_FILE                             ; lpm_mult1.inc                      ; --                           ; --          ; --             ;
; MISC_FILE                             ; lpm_mux1.tdf                       ; --                           ; --          ; --             ;
; MISC_FILE                             ; lpm_mux1.bsf                       ; --                           ; --          ; --             ;
; MISC_FILE                             ; lpm_mux1.inc                       ; --                           ; --          ; --             ;
; MISC_FILE                             ; lpm_dff1.tdf                       ; --                           ; --          ; --             ;
; MISC_FILE                             ; lpm_dff1.bsf                       ; --                           ; --          ; --             ;
; MISC_FILE                             ; lpm_dff1.inc                       ; --                           ; --          ; --             ;
; MISC_FILE                             ; lpm_decode1.tdf                    ; --                           ; --          ; --             ;
; MISC_FILE                             ; lpm_decode1.bsf                    ; --                           ; --          ; --             ;
; MISC_FILE                             ; lpm_decode1.inc                    ; --                           ; --          ; --             ;
; MISC_FILE                             ; lpm_dff2.tdf                       ; --                           ; --          ; --             ;
; MISC_FILE                             ; lpm_dff2.bsf                       ; --                           ; --          ; --             ;
; MISC_FILE                             ; lpm_dff2.inc                       ; --                           ; --          ; --             ;
; MISC_FILE                             ; lpm_latch1.tdf                     ; --                           ; --          ; --             ;
; MISC_FILE                             ; lpm_latch1.bsf                     ; --                           ; --          ; --             ;
; MISC_FILE                             ; lpm_latch1.inc                     ; --                           ; --          ; --             ;
; MISC_FILE                             ; lpm_mux2.tdf                       ; --                           ; --          ; --             ;
; MISC_FILE                             ; lpm_mux2.bsf                       ; --                           ; --          ; --             ;
; MISC_FILE                             ; lpm_mux2.inc                       ; --                           ; --          ; --             ;
; MISC_FILE                             ; lpm_dff3.tdf                       ; --                           ; --          ; --             ;
; MISC_FILE                             ; lpm_dff3.bsf                       ; --                           ; --          ; --             ;
; MISC_FILE                             ; lpm_dff3.inc                       ; --                           ; --          ; --             ;
; MISC_FILE                             ; C:/altera/91/newfinal/newfinal.dpf ; --                           ; --          ; --             ;
; MISC_FILE                             ; lpm_dff4.bsf                       ; --                           ; --          ; --             ;
; MISC_FILE                             ; lpm_dff4_bb.v                      ; --                           ; --          ; --             ;
; MISC_FILE                             ; lpm_dff5.bsf                       ; --                           ; --          ; --             ;
; MISC_FILE                             ; lpm_dff5_bb.v                      ; --                           ; --          ; --             ;
; PARTITION_COLOR                       ; 16764057                           ; --                           ; --          ; Top            ;
; PARTITION_NETLIST_TYPE                ; SOURCE                             ; --                           ; --          ; Top            ;
; POWER_EXT_SUPPLY_VOLTAGE_TO_REGULATOR ; 3.3V                               ; --                           ; --          ; --             ;
; USE_GENERATED_PHYSICAL_CONSTRAINTS    ; Off                                ; --                           ; --          ; eda_blast_fpga ;
+---------------------------------------+------------------------------------+------------------------------+-------------+----------------+


+-----------------------------------------------------------------------------------------------------------------------------+
; Flow Elapsed Time                                                                                                           ;
+-------------------------+--------------+-------------------------+---------------------+------------------------------------+
; Module Name             ; Elapsed Time ; Average Processors Used ; Peak Virtual Memory ; Total CPU Time (on all processors) ;
+-------------------------+--------------+-------------------------+---------------------+------------------------------------+
; Analysis & Synthesis    ; 00:00:07     ; 1.0                     ; 262 MB              ; 00:00:07                           ;
; Fitter                  ; 00:00:12     ; 1.0                     ; 256 MB              ; 00:00:08                           ;
; Assembler               ; 00:00:01     ; 1.0                     ; 222 MB              ; 00:00:00                           ;
; Classic Timing Analyzer ; 00:00:02     ; 1.0                     ; 194 MB              ; 00:00:02                           ;
; Total                   ; 00:00:22     ; --                      ; --                  ; 00:00:17                           ;
+-------------------------+--------------+-------------------------+---------------------+------------------------------------+


+------------------------------------------------------------------------------------------+
; Flow OS Summary                                                                          ;
+-------------------------+------------------+---------------+------------+----------------+
; Module Name             ; Machine Hostname ; OS Name       ; OS Version ; Processor type ;
+-------------------------+------------------+---------------+------------+----------------+
; Analysis & Synthesis    ; ARJUN-WARTY      ; Windows Vista ; 6.2        ; x86_64         ;
; Fitter                  ; ARJUN-WARTY      ; Windows Vista ; 6.2        ; x86_64         ;
; Assembler               ; ARJUN-WARTY      ; Windows Vista ; 6.2        ; x86_64         ;
; Classic Timing Analyzer ; ARJUN-WARTY      ; Windows Vista ; 6.2        ; x86_64         ;
+-------------------------+------------------+---------------+------------+----------------+


------------
; Flow Log ;
------------
quartus_map --read_settings_files=on --write_settings_files=off newfinal -c newfinal
quartus_fit --read_settings_files=off --write_settings_files=off newfinal -c newfinal
quartus_asm --read_settings_files=off --write_settings_files=off newfinal -c newfinal
quartus_tan --read_settings_files=off --write_settings_files=off newfinal -c newfinal



